<?xml version="1.0" encoding="UTF-8"?>
<!-- Generated by org.testng.reporters.JUnitReportReporter -->
<testsuite hostname="DESKTOP-V64ASU2" failures="0" tests="1" name="com.solera.airline.controller.FlightControllerTest" time="0.127" errors="0" timestamp="2022-11-29T15:58:41 WET" skipped="0">
  <testcase classname="com.solera.airline.controller.FlightControllerTest" name="ensureThatUserApiCallFlightsByAirlineReturnsJsonContent" time="0.127"/>
  <system-out/>
</testsuite> <!-- com.solera.airline.controller.FlightControllerTest -->
