<?xml version="1.0" encoding="UTF-8"?>
<!-- Generated by org.testng.reporters.JUnitReportReporter -->
<testsuite hostname="DESKTOP-V64ASU2" failures="0" tests="3" name="com.solera.airline.controller.FlightControllerTest" time="0.115" errors="0" timestamp="2022-11-30T10:28:59 WET" skipped="0">
  <testcase classname="com.solera.airline.controller.FlightControllerTest" name="ensureThatApiCallFlightByAirlineReturnsCode200" time="0.108"/>
  <system-out/>
  <testcase classname="com.solera.airline.controller.FlightControllerTest" name="ensureThatApiCallFlightByAirlineReturnsCode200" time="0.004"/>
  <system-out/>
  <testcase classname="com.solera.airline.controller.FlightControllerTest" name="ensureThatApiCallFlightByAirlineReturnsCode200" time="0.003"/>
  <system-out/>
</testsuite> <!-- com.solera.airline.controller.FlightControllerTest -->
